<?xml version="1.0" encoding="UTF-8"?>
<!-- Generated by org.testng.reporters.JUnitXMLReporter -->
<testsuite ignored="2" hostname="MSI" failures="2" tests="4" name="Test" time="10.861" errors="0" timestamp="2025-01-22T19:43:17 IST">
  <testcase classname="Kloudship_Package.Add_Package" name="Navigate_Package" time="2.817"/>
  <testcase classname="Kloudship_Package.Add_Package" name="Package_Creation" time="1.22"/>
  <testcase classname="Kloudship_Package.Delete_Package" name="Navigate_Package" time="0.0">
    <failure type="java.lang.NullPointerException" message="Cannot invoke &amp;quot;org.openqa.selenium.WebDriver.findElement(org.openqa.selenium.By)&amp;quot; because &amp;quot;this.driver&amp;quot; is null">
      <![CDATA[java.lang.NullPointerException: Cannot invoke "org.openqa.selenium.WebDriver.findElement(org.openqa.selenium.By)" because "this.driver" is null
at Kloudship_Package.Delete_Package.Navigate_Package(Delete_Package.java:14)
at java.base/java.util.ArrayList.forEach(ArrayList.java:1511)
... Removed 27 stack frames]]>
    </failure>
  </testcase> <!-- Navigate_Package -->
  <testcase classname="Kloudship_Package.Delete_Package" name="delete_new_package" time="0.005">
    <failure type="java.lang.IllegalArgumentException" message="Driver must be set">
      <![CDATA[java.lang.IllegalArgumentException: Driver must be set
at org.openqa.selenium.internal.Require.nonNull(Require.java:60)
at org.openqa.selenium.interactions.Actions.<init>(Actions.java:59)
at Kloudship_Package.Delete_Package.delete_new_package(Delete_Package.java:19)
at java.base/java.util.ArrayList.forEach(ArrayList.java:1511)
... Removed 27 stack frames]]>
    </failure>
  </testcase> <!-- delete_new_package -->
  <testcase classname="Kloudship_Package.Base" name="@AfterTest logout_close" time="0.0">
    <ignored/>
  </testcase> <!-- @AfterTest logout_close -->
  <testcase classname="Kloudship_Package.Base" name="@BeforeTest Navigate_Login" time="0.0">
    <ignored/>
  </testcase> <!-- @BeforeTest Navigate_Login -->
</testsuite> <!-- Test -->
